2018-11-09 16:13:36 [scrapy] DEBUG: Redirecting (302) to <GET http://www.baidu.com> from <GET https://www.baidu.com/s?ie=utf-8>
2018-11-09 16:13:37 [scrapy] DEBUG: Redirecting (302) to <GET https://www.baidu.com/> from <GET http://www.baidu.com>
2018-11-09 16:13:38 [scrapy] DEBUG: Crawled (200) <GET https://www.baidu.com/> (referer: None)
2018-11-09 16:13:38 [scrapy] ERROR: Spider error processing <GET https://www.baidu.com/> (referer: None)
Traceback (most recent call last):
  File "c:\users\xk\appdata\local\programs\python\python36\lib\site-packages\scrapy\utils\defer.py", line 102, in iter_errback
    yield next(it)
  File "c:\users\xk\appdata\local\programs\python\python36\lib\site-packages\scrapy\spidermiddlewares\offsite.py", line 30, in process_spider_output
    for x in result:
  File "c:\users\xk\appdata\local\programs\python\python36\lib\site-packages\scrapy\spidermiddlewares\referer.py", line 339, in <genexpr>
    return (_set_referer(r) for r in result or ())
  File "c:\users\xk\appdata\local\programs\python\python36\lib\site-packages\scrapy\spidermiddlewares\urllength.py", line 37, in <genexpr>
    return (r for r in result or () if _filter(r))
  File "c:\users\xk\appdata\local\programs\python\python36\lib\site-packages\scrapy\spidermiddlewares\depth.py", line 58, in <genexpr>
    return (r for r in result or () if _filter(r))
  File "C:\Users\xk\PycharmProjects\Infomation\Infomation\spiders\info.py", line 47, in parse
    keyword_init = urllib.parse.unquote(kwd_encode[0])
IndexError: list index out of range
2018-11-09 16:13:38 [scrapy] INFO: Closing spider (finished)
2018-11-09 16:13:38 [scrapy] INFO: Dumping Scrapy stats:
{'downloader/request_bytes': 1145,
 'downloader/request_count': 3,
 'downloader/request_method_count/GET': 3,
 'downloader/response_bytes': 35085,
 'downloader/response_count': 3,
 'downloader/response_status_count/200': 1,
 'downloader/response_status_count/302': 2,
 'finish_reason': 'finished',
 'finish_time': datetime.datetime(2018, 11, 9, 8, 13, 38, 885233),
 'log_count/DEBUG': 3,
 'log_count/ERROR': 1,
 'log_count/INFO': 6,
 'log_count/WARNING': 1,
 'response_received_count': 1,
 'scheduler/dequeued': 3,
 'scheduler/dequeued/memory': 3,
 'scheduler/enqueued': 3,
 'scheduler/enqueued/memory': 3,
 'spider_exceptions/IndexError': 1,
 'start_time': datetime.datetime(2018, 11, 9, 8, 13, 36, 286217)}
2018-11-09 16:13:38 [scrapy] INFO: Spider closed (finished)
